<?xml version="1.0"?>
		<initial type="dry"/>
