<?xml version="1.0"?>
				<transient_section name="1.tra">
					-10 28.04 0 0
					0 8.04 0 0
					10 28.04
				</transient_section>
